2020-08-24 16:46:17,542 [Worker-2: Loading available Gradle versions] INFO  o.e.b.c.i.u.g.PublishedGradleVersions - Gradle version information cache is up-to-date. Trying to read.
2020-08-24 17:19:21,688 [Worker-2: Loading available Gradle versions] INFO  o.e.b.c.i.u.g.PublishedGradleVersions - Gradle version information cache is up-to-date. Trying to read.
2020-08-25 09:05:14,600 [Worker-0: Loading available Gradle versions] INFO  o.e.b.c.i.u.g.PublishedGradleVersions - Gradle version information cache is up-to-date. Trying to read.
2020-09-17 14:23:29,104 [Worker-5: Loading available Gradle versions] INFO  o.e.b.c.i.u.g.PublishedGradleVersions - Gradle version information cache is up-to-date. Trying to read.
2020-09-17 14:50:13,665 [Worker-3: Loading available Gradle versions] INFO  o.e.b.c.i.u.g.PublishedGradleVersions - Gradle version information cache is up-to-date. Trying to read.
2020-09-18 08:50:43,651 [Worker-4: Loading available Gradle versions] INFO  o.e.b.c.i.u.g.PublishedGradleVersions - Gradle version information cache is up-to-date. Trying to read.
2020-09-18 13:09:25,897 [Worker-18: Loading available Gradle versions] INFO  o.e.b.c.i.u.g.PublishedGradleVersions - Gradle version information cache is up-to-date. Trying to read.
2020-09-21 08:57:12,986 [Worker-6: Loading available Gradle versions] INFO  o.e.b.c.i.u.g.PublishedGradleVersions - Gradle version information cache is out-of-date. Trying to update.
2020-09-22 09:02:58,823 [Worker-6: Loading available Gradle versions] INFO  o.e.b.c.i.u.g.PublishedGradleVersions - Gradle version information cache is out-of-date. Trying to update.
2020-09-23 08:55:59,520 [Worker-6: Loading available Gradle versions] INFO  o.e.b.c.i.u.g.PublishedGradleVersions - Gradle version information cache is up-to-date. Trying to read.
2020-09-24 08:58:32,729 [Worker-5: Loading available Gradle versions] INFO  o.e.b.c.i.u.g.PublishedGradleVersions - Gradle version information cache is out-of-date. Trying to update.
2020-09-24 09:46:13,655 [Start Help Server] INFO  org.eclipse.jetty.util.log - Logging initialized @2915025ms to org.eclipse.jetty.util.log.Slf4jLog
2020-09-24 09:46:13,864 [Start Help Server] INFO  org.eclipse.jetty.server.Server - jetty-9.4.29.v20200521; built: 2020-05-27T11:26:53.365Z; git: 77c232aed8a45c818fd27232278d9f95a021095e; jvm 1.8.0_261-b12
2020-09-24 09:46:13,897 [Start Help Server] INFO  org.eclipse.jetty.server.session - DefaultSessionIdManager workerName=node0
2020-09-24 09:46:13,897 [Start Help Server] INFO  org.eclipse.jetty.server.session - No SessionScavenger set, using defaults
2020-09-24 09:46:13,898 [Start Help Server] INFO  org.eclipse.jetty.server.session - node0 Scavenging every 600000ms
2020-09-24 09:46:13,926 [Start Help Server] INFO  o.e.j.server.handler.ContextHandler - Started o.e.j.s.ServletContextHandler@130ff945{/help,null,AVAILABLE}
2020-09-24 09:46:13,961 [Start Help Server] INFO  o.e.jetty.server.AbstractConnector - Started ServerConnector@1f049831{HTTP/1.1, (http/1.1)}{127.0.0.1:62231}
2020-09-24 09:46:13,961 [Start Help Server] INFO  org.eclipse.jetty.server.Server - Started @2915337ms
2020-09-24 09:46:13,961 [Start Help Server] INFO  org.eclipse.jetty.server.session - node0 Scavenging every 600000ms
2020-09-24 11:47:56,806 [main] INFO  org.eclipse.jetty.server.Server - jetty-9.4.29.v20200521; built: 2020-05-27T11:26:53.365Z; git: 77c232aed8a45c818fd27232278d9f95a021095e; jvm 1.8.0_261-b12
2020-09-24 11:47:56,808 [main] INFO  org.eclipse.jetty.server.session - DefaultSessionIdManager workerName=node0
2020-09-24 11:47:56,808 [main] INFO  org.eclipse.jetty.server.session - No SessionScavenger set, using defaults
2020-09-24 11:47:56,808 [main] INFO  org.eclipse.jetty.server.session - node0 Scavenging every 660000ms
2020-09-24 11:47:56,817 [main] INFO  o.e.j.server.handler.ContextHandler - Started o.e.j.s.ServletContextHandler@768eab40{/wse,null,AVAILABLE}
2020-09-24 11:47:56,820 [main] INFO  o.e.jetty.server.AbstractConnector - Started ServerConnector@4c98707b{HTTP/1.1, (http/1.1)}{0.0.0.0:63390}
2020-09-24 11:47:56,821 [main] INFO  org.eclipse.jetty.server.Server - Started @10218197ms
2020-09-24 11:47:56,821 [main] INFO  org.eclipse.jetty.server.session - node0 Scavenging every 660000ms
2020-09-24 14:26:50,350 [Stop Help Server] INFO  o.e.jetty.server.AbstractConnector - Stopped ServerConnector@1f049831{HTTP/1.1, (http/1.1)}{127.0.0.1:0}
2020-09-24 14:26:50,350 [Stop Help Server] INFO  org.eclipse.jetty.server.session - node0 Stopped scavenging
2020-09-24 14:26:50,375 [Stop Help Server] INFO  o.e.j.server.handler.ContextHandler - Stopped o.e.j.s.ServletContextHandler@130ff945{/help,null,UNAVAILABLE}
2020-09-24 14:26:50,380 [Framework stop - Equinox Container: a7a872a5-cec4-485e-870a-6adbd5b5e17e] INFO  o.e.jetty.server.AbstractConnector - Stopped ServerConnector@4c98707b{HTTP/1.1, (http/1.1)}{0.0.0.0:0}
2020-09-24 14:26:50,380 [Framework stop - Equinox Container: a7a872a5-cec4-485e-870a-6adbd5b5e17e] INFO  org.eclipse.jetty.server.session - node0 Stopped scavenging
2020-09-24 14:26:50,393 [Framework stop - Equinox Container: a7a872a5-cec4-485e-870a-6adbd5b5e17e] INFO  o.e.j.server.handler.ContextHandler - Stopped o.e.j.s.ServletContextHandler@768eab40{/wse,null,UNAVAILABLE}
2020-09-24 14:27:03,814 [Worker-4: Loading available Gradle versions] INFO  o.e.b.c.i.u.g.PublishedGradleVersions - Gradle version information cache is up-to-date. Trying to read.
2020-09-25 09:03:27,541 [Worker-6: Loading available Gradle versions] INFO  o.e.b.c.i.u.g.PublishedGradleVersions - Gradle version information cache is out-of-date. Trying to update.
2020-09-25 09:19:38,376 [Worker-6: Loading available Gradle versions] INFO  o.e.b.c.i.u.g.PublishedGradleVersions - Gradle version information cache is up-to-date. Trying to read.
2020-09-28 08:58:52,273 [Worker-6: Loading available Gradle versions] INFO  o.e.b.c.i.u.g.PublishedGradleVersions - Gradle version information cache is out-of-date. Trying to update.
2020-09-28 10:28:07,647 [Worker-0: Loading available Gradle versions] INFO  o.e.b.c.i.u.g.PublishedGradleVersions - Gradle version information cache is up-to-date. Trying to read.
2020-09-28 14:30:01,883 [Worker-6: Loading available Gradle versions] INFO  o.e.b.c.i.u.g.PublishedGradleVersions - Gradle version information cache is up-to-date. Trying to read.
2020-09-29 09:04:36,949 [Worker-5: Loading available Gradle versions] INFO  o.e.b.c.i.u.g.PublishedGradleVersions - Gradle version information cache is out-of-date. Trying to update.
2020-09-29 12:36:14,553 [Worker-3: Loading available Gradle versions] INFO  o.e.b.c.i.u.g.PublishedGradleVersions - Gradle version information cache is up-to-date. Trying to read.
2020-09-29 12:38:33,810 [Worker-0: Loading available Gradle versions] INFO  o.e.b.c.i.u.g.PublishedGradleVersions - Gradle version information cache is up-to-date. Trying to read.
2020-09-29 12:42:44,544 [Worker-0: Loading available Gradle versions] INFO  o.e.b.c.i.u.g.PublishedGradleVersions - Gradle version information cache is up-to-date. Trying to read.
2020-09-29 12:59:26,077 [Worker-1: Loading available Gradle versions] INFO  o.e.b.c.i.u.g.PublishedGradleVersions - Gradle version information cache is up-to-date. Trying to read.
2020-09-29 14:11:17,646 [Worker-0: Loading available Gradle versions] INFO  o.e.b.c.i.u.g.PublishedGradleVersions - Gradle version information cache is up-to-date. Trying to read.
2020-10-06 09:11:26,393 [Worker-4: Loading available Gradle versions] INFO  o.e.b.c.i.u.g.PublishedGradleVersions - Gradle version information cache is up-to-date. Trying to read.
2020-10-07 09:01:35,935 [Worker-6: Loading available Gradle versions] INFO  o.e.b.c.i.u.g.PublishedGradleVersions - Gradle version information cache is out-of-date. Trying to update.
2020-10-08 13:36:06,100 [Worker-4: Loading available Gradle versions] INFO  o.e.b.c.i.u.g.PublishedGradleVersions - Gradle version information cache is up-to-date. Trying to read.
2020-10-08 14:10:17,780 [Worker-6: Loading available Gradle versions] INFO  o.e.b.c.i.u.g.PublishedGradleVersions - Gradle version information cache is up-to-date. Trying to read.
2020-10-16 17:35:53,003 [Worker-6: Loading available Gradle versions] INFO  o.e.b.c.i.u.g.PublishedGradleVersions - Gradle version information cache is up-to-date. Trying to read.
2020-10-19 11:49:17,558 [Worker-6: Loading available Gradle versions] INFO  o.e.b.c.i.u.g.PublishedGradleVersions - Gradle version information cache is out-of-date. Trying to update.
